<?xml version="1.0" encoding="UTF-8"?>
<testng-results total="1" passed="1" failed="0" skipped="0">
  <reporter-output>
  </reporter-output>
  <suite started-at="2022-10-25T14:52:51Z" name="Sample Test Suite" finished-at="2022-10-25T14:53:02Z" duration-ms="11190">
    <groups>
    </groups>
    <test started-at="2022-10-25T14:52:51Z" name="Test Automation" finished-at="2022-10-25T14:53:02Z" duration-ms="11190">
      <class name="utils.SampleTest">
        <test-method is-config="true" signature="beforeTestMethod()[pri:0, instance:utils.SampleTest@5e4c8041]" started-at="2022-10-25T20:22:51Z" name="beforeTestMethod" finished-at="2022-10-25T20:22:51Z" duration-ms="273" status="PASS">
          <reporter-output>
          </reporter-output>
        </test-method> <!-- beforeTestMethod -->
        <test-method is-config="true" signature="beforeMethodMethod(java.lang.String, java.lang.reflect.Method)[pri:0, instance:utils.SampleTest@5e4c8041]" started-at="2022-10-25T20:22:51Z" name="beforeMethodMethod" finished-at="2022-10-25T20:22:59Z" duration-ms="7514" status="PASS">
          <params>
            <param index="0">
              <value>
                <![CDATA[chrome]]>
              </value>
            </param>
            <param index="1">
              <value>
                <![CDATA[public void utils.SampleTest.sampleMethodForEmailEntering()]]>
              </value>
            </param>
          </params>
          <reporter-output>
          </reporter-output>
        </test-method> <!-- beforeMethodMethod -->
        <test-method signature="sampleMethodForEmailEntering()[pri:0, instance:utils.SampleTest@5e4c8041]" started-at="2022-10-25T20:22:59Z" name="sampleMethodForEmailEntering" finished-at="2022-10-25T20:23:01Z" duration-ms="2491" status="PASS">
          <reporter-output>
          </reporter-output>
        </test-method> <!-- sampleMethodForEmailEntering -->
        <test-method is-config="true" signature="afterMethodMethod(org.testng.ITestResult)[pri:0, instance:utils.SampleTest@5e4c8041]" started-at="2022-10-25T20:23:01Z" name="afterMethodMethod" finished-at="2022-10-25T20:23:02Z" duration-ms="312" status="PASS">
          <params>
            <param index="0">
              <value>
                <![CDATA[[TestResult name=sampleMethodForEmailEntering status=SUCCESS method=SampleTest.sampleMethodForEmailEntering()[pri:0, instance:utils.SampleTest@5e4c8041] output={null}]]]>
              </value>
            </param>
          </params>
          <reporter-output>
          </reporter-output>
        </test-method> <!-- afterMethodMethod -->
        <test-method is-config="true" signature="afterTestMethod()[pri:0, instance:utils.SampleTest@5e4c8041]" started-at="2022-10-25T20:23:02Z" name="afterTestMethod" finished-at="2022-10-25T20:23:02Z" duration-ms="568" status="PASS">
          <reporter-output>
          </reporter-output>
        </test-method> <!-- afterTestMethod -->
      </class> <!-- utils.SampleTest -->
    </test> <!-- Test Automation -->
  </suite> <!-- Sample Test Suite -->
</testng-results>
